2023-10-20 13:39:22|App|Launch
2023-10-20 13:39:23|App|成功加载：DBTool
2023-10-20 13:39:46|App|成功加载：DBTool
2023-10-20 13:40:47|App|成功加载：DBTool
2023-10-20 13:43:04|App|Launch
2023-10-20 13:43:04|App|成功加载：DBTool
2023-10-20 13:43:16|App|Launch
2023-10-20 13:43:16|App|成功加载：DBTool
2023-10-20 13:46:28|App|成功加载：PluginSample
2023-10-20 13:46:28|App|成功加载：DBTool
2023-10-20 13:57:29|App|Launch
2023-10-20 13:57:29|App|成功加载：PluginSample
2023-10-20 13:57:29|App|成功加载：DBTool
2023-10-20 14:04:50|App|Launch
2023-10-20 14:04:50|App|成功加载：PluginSample
2023-10-20 14:04:50|App|成功加载：DBTool
2023-10-20 14:16:16|App|成功加载：PluginSample
2023-10-20 14:16:16|App|成功加载：testDll
2023-10-20 14:16:16|App|成功加载：DBTool
2023-10-20 14:19:19|App|Launch
2023-10-20 14:19:19|App|成功加载：testDll
2023-10-20 14:19:19|App|成功加载：PluginSample
2023-10-20 14:19:19|App|成功加载：DBTool
2023-10-20 14:20:00|App|Launch
2023-10-20 14:20:00|App|成功加载：testDll
2023-10-20 14:20:00|App|成功加载：PluginSample
2023-10-20 14:20:00|App|成功加载：DBTool
2023-10-20 14:23:00|App|Launch
2023-10-20 14:23:07|App|成功加载：testDll
2023-10-20 14:23:13|App|成功加载：testDll
2023-10-20 14:23:13|App|成功加载：PluginSample
2023-10-20 14:23:17|App|Launch
2023-10-20 14:23:17|App|成功加载：PluginSample
2023-10-20 14:23:17|App|成功加载：testDll
2023-10-20 14:23:59|App|成功加载：PluginSample
2023-10-20 14:23:59|App|成功加载：testDll
2023-10-20 15:28:34|App|Launch
2023-10-20 15:28:34|App|成功加载：PluginSample
2023-10-20 15:28:34|App|成功加载：testDll
2023-10-20 15:29:33|App|Launch
2023-10-20 15:29:33|App|成功加载：PluginSample
2023-10-20 15:29:33|App|成功加载：testDll
2023-10-20 15:31:42|App|Launch
2023-10-20 15:31:42|App|成功加载：testDll
2023-10-20 15:31:42|App|成功加载：PluginSample
2023-10-20 15:32:07|App|Launch
2023-10-20 15:32:08|App|成功加载：PluginSample
2023-10-20 15:32:08|App|成功加载：testDll
2023-10-20 15:32:49|App|Launch
2023-10-20 15:32:50|App|成功加载：PluginSample
2023-10-20 15:32:50|App|成功加载：testDll
2023-10-20 15:34:18|App|Launch
2023-10-20 15:34:18|App|成功加载：testDll
2023-10-20 15:34:18|App|成功加载：PluginSample
2023-10-20 15:35:01|App|Launch
2023-10-20 15:35:15|App|Launch
2023-10-20 15:35:15|App|成功加载：PluginSample
2023-10-20 15:35:15|App|成功加载：testDll
2023-10-24 14:57:05|App|Launch
2023-10-24 14:57:15|App|成功加载：PluginSample
2023-10-24 14:57:51|App|Launch
2023-10-24 14:58:07|App|成功加载：PluginSample
2023-10-24 14:58:56|App|Launch
2023-10-24 14:58:56|App|成功加载：PluginSample
2023-10-24 14:59:06|App|Launch
2023-10-24 14:59:07|App|成功加载：PluginSample
2023-10-24 15:02:21|App|Launch
2023-10-24 15:02:21|App|成功加载：PluginSample
2023-10-24 15:15:03|App|Launch
2023-10-24 15:15:03|App|成功加载：PluginSample
2023-10-24 15:15:36|App|Launch
2023-10-24 15:15:36|App|成功加载：PluginSample
2023-10-24 15:16:07|App|Launch
2023-10-24 15:16:08|App|成功加载：PluginSample
2023-10-24 15:16:26|App|Launch
2023-10-24 15:16:27|App|成功加载：PluginSample
2023-10-24 15:17:13|App|Launch
2023-10-24 15:17:13|App|成功加载：PluginSample
2023-10-24 15:17:13|App|成功加载：Wind系统
2023-10-24 15:19:06|App|成功加载：PluginSample
2023-10-24 15:19:06|App|成功加载：Wind系统
2023-10-24 15:19:54|App|成功加载：PluginSample
2023-10-24 15:19:54|App|成功加载：Wind系统
2023-10-24 15:26:34|App|成功加载：PluginSample
2023-10-24 15:26:34|App|成功加载：Wind系统
2023-10-24 15:27:17|App|成功加载：PluginSample
2023-10-24 15:27:17|App|成功加载：Wind系统
2023-10-24 15:30:21|App|成功加载：PluginSample
2023-10-24 15:30:21|App|成功加载：Wind系统
2023-10-24 15:30:58|App|成功加载：PluginSample
2023-10-24 15:30:58|App|成功加载：Wind系统
2023-10-24 15:31:53|App|成功加载：PluginSample
2023-10-24 15:31:53|App|成功加载：Wind系统
2023-10-24 15:34:16|App|成功加载：PluginSample
2023-10-24 15:34:16|App|成功加载：Wind系统
2023-10-24 15:34:48|App|成功加载：PluginSample
2023-10-24 15:34:48|App|成功加载：Wind系统
2023-10-24 15:35:00|App|成功加载：PluginSample
2023-10-24 15:35:00|App|成功加载：Wind系统
2023-10-24 15:35:30|App|Launch
2023-10-24 15:35:30|App|成功加载：PluginSample
2023-10-24 15:35:30|App|成功加载：Wind系统
2023-10-24 15:57:52|App|Launch
2023-10-24 15:57:52|App|成功加载：PluginSample
2023-10-24 15:57:52|App|成功加载：Wind系统
2023-10-24 18:05:52|App|Launch
2023-10-24 18:05:52|App|成功加载：PluginSample
2023-10-24 18:05:52|App|成功加载：Wind系统
2023-10-25 15:06:53|App|Launch
2023-10-25 15:06:53|App|成功加载：PluginSample
2023-10-25 15:06:53|App|成功加载：Wind系统
2023-10-25 15:53:20|App|Launch
2023-10-25 15:53:20|App|成功加载：PluginSample
2023-10-25 15:53:20|App|成功加载：Wind系统
2023-10-25 16:41:11|App|Launch
2023-10-25 16:41:11|App|成功加载：PluginSample
2023-10-25 16:41:11|App|成功加载：Wind系统
2023-10-25 16:47:52|App|Launch
2023-10-25 16:47:52|App|成功加载：PluginSample
2023-10-25 16:47:52|App|成功加载：Wind系统
2023-10-25 16:53:15|App|Launch
2023-10-25 16:53:15|App|成功加载：PluginSample
2023-10-25 16:53:15|App|成功加载：Wind系统
2023-10-25 18:02:02|App|Launch
2023-10-25 18:02:02|App|成功加载：PluginSample
2023-10-25 18:02:02|App|成功加载：Wind系统
2023-10-27 14:09:19|App|Launch
2023-10-27 14:09:19|App|成功加载：PluginSample
2023-10-27 14:09:19|App|成功加载：Wind系统
2023-10-27 14:24:36|App|Launch
2023-10-27 14:24:36|App|成功加载：PluginSample
2023-10-27 14:24:36|App|成功加载：Wind系统
2023-10-27 15:35:01|App|Launch
2023-10-27 15:35:01|App|成功加载：PluginSample
2023-10-27 15:35:01|App|成功加载：Wind系统
2023-10-31 09:59:31|App|Launch
2023-10-31 09:59:31|App|成功加载：PluginSample
2023-10-31 09:59:31|App|成功加载：Wind系统
